<?xml version="1.0" encoding="UTF-8"?>
<!-- Generated by org.testng.reporters.JUnitXMLReporter -->
<testsuite hostname="SPY-LAP-28" ignored="0" name="Default test" tests="3" failures="0" timestamp="01 Nov 2022 09:43:23 GMT" time="32.824" errors="0">
  <testcase name="search" time="14.723" classname="testcase.Datapro$dataprovider"/>
  <testcase name="search" time="7.8" classname="testcase.Datapro$dataprovider"/>
  <testcase name="search" time="5.804" classname="testcase.Datapro$dataprovider"/>
</testsuite> <!-- Default test -->
