<?xml version="1.0" encoding="UTF-8"?>
<!-- Generated by org.testng.reporters.JUnitXMLReporter -->
<testsuite hostname="SPY-LAP-28" ignored="0" name="Test" tests="6" failures="0" timestamp="01 Nov 2022 09:38:14 GMT" time="54.705" errors="0">
  <testcase name="search" time="12.877" classname="testcase.Datapro$dataprovider"/>
  <testcase name="search" time="15.501" classname="testcase.Datapro$dataprovider"/>
  <testcase name="CrrentUrl" time="0.024" classname="testcase.code"/>
  <testcase name="Title" time="0.024" classname="testcase.code"/>
  <testcase name="lunching" time="13.064" classname="testcase.code"/>
  <testcase name="testcase" time="0.0" classname="testcase.cases1"/>
</testsuite> <!-- Test -->
